2026-04-07 19:42:27,147 | INFO | Spark optimized app started
2026-04-07 19:42:27,147 | INFO | Input path: hdfs://namenode:9000/data/online-retail/online_retail_II.csv
2026-04-07 19:42:27,147 | INFO | Master: spark://spark-master:7077
2026-04-07 19:42:36,088 | INFO | DataFrame created with explicit schema in 5.337s
2026-04-07 19:42:37,500 | INFO | Action started: materialize cached dataframe
2026-04-07 19:42:59,810 | INFO | Action finished: materialize cached dataframe | duration=22.223s
2026-04-07 19:42:59,810 | INFO | Job IDs: [3, 2, 1, 0]
2026-04-07 19:42:59,810 | INFO | Job 3 stages=[5, 6, 7]
2026-04-07 19:42:59,811 | INFO | Stage 5 | count at NativeMethodAccessorImpl.java:0 | tasks=12
2026-04-07 19:42:59,811 | INFO | Stage 6 | count at NativeMethodAccessorImpl.java:0 | tasks=12
2026-04-07 19:42:59,811 | INFO | Stage 7 | count at NativeMethodAccessorImpl.java:0 | tasks=1
2026-04-07 19:42:59,811 | INFO | Job 2 stages=[3, 4]
2026-04-07 19:42:59,811 | INFO | Stage 3 | count at NativeMethodAccessorImpl.java:0 | tasks=12
2026-04-07 19:42:59,811 | INFO | Stage 4 | count at NativeMethodAccessorImpl.java:0 | tasks=12
2026-04-07 19:42:59,812 | INFO | Job 1 stages=[1, 2]
2026-04-07 19:42:59,812 | INFO | Stage 1 | count at NativeMethodAccessorImpl.java:0 | tasks=12
2026-04-07 19:42:59,812 | INFO | Stage 2 | count at NativeMethodAccessorImpl.java:0 | tasks=12
2026-04-07 19:42:59,812 | INFO | Job 0 stages=[0]
2026-04-07 19:42:59,812 | INFO | Stage 0 | count at NativeMethodAccessorImpl.java:0 | tasks=12
2026-04-07 19:42:59,812 | INFO | Executor 172.23.0.7:40811 | used=16.33 MB | remaining=397.6 MB | max=413.92 MB
2026-04-07 19:42:59,812 | INFO | Executor 172.23.0.8:37001 | used=0.8 MB | remaining=413.12 MB | max=413.92 MB
2026-04-07 19:42:59,813 | INFO | Executor a9d047cc017f:44759 | used=0.05 MB | remaining=413.88 MB | max=413.92 MB
2026-04-07 19:42:59,813 | INFO | Driver max RSS: 132.48 MB
2026-04-07 19:42:59,813 | INFO | Rows in optimized cached dataframe: 1041671
2026-04-07 19:42:59,813 | INFO | Action started: top countries by revenue
2026-04-07 19:43:02,777 | INFO | Action finished: top countries by revenue | duration=2.952s
2026-04-07 19:43:02,777 | INFO | Job IDs: [4]
2026-04-07 19:43:02,777 | INFO | Job 4 stages=[9, 8]
2026-04-07 19:43:02,778 | INFO | Stage 9 | collect at /workspace/scripts/spark_run_opt.py:229 | tasks=12
2026-04-07 19:43:02,778 | INFO | Stage 8 | count at NativeMethodAccessorImpl.java:0 | tasks=12
2026-04-07 19:43:02,778 | INFO | Executor 172.23.0.7:40811 | used=16.35 MB | remaining=397.58 MB | max=413.92 MB
2026-04-07 19:43:02,778 | INFO | Executor 172.23.0.8:37001 | used=0.81 MB | remaining=413.11 MB | max=413.92 MB
2026-04-07 19:43:02,778 | INFO | Executor a9d047cc017f:44759 | used=0.06 MB | remaining=413.87 MB | max=413.92 MB
2026-04-07 19:43:02,778 | INFO | Driver max RSS: 132.48 MB
2026-04-07 19:43:02,778 | INFO | Top countries by revenue: [{'country': 'United Kingdom', 'orders': 958502, 'total_revenue': 17871351.33, 'avg_revenue': 18.65}, {'country': 'EIRE', 'orders': 17349, 'total_revenue': 664431.78, 'avg_revenue': 38.3}, {'country': 'Netherlands', 'orders': 5088, 'total_revenue': 554232.34, 'avg_revenue': 108.93}, {'country': 'Germany', 'orders': 16694, 'total_revenue': 431262.46, 'avg_revenue': 25.83}, {'country': 'France', 'orders': 13940, 'total_revenue': 356944.6, 'avg_revenue': 25.61}, {'country': 'Australia', 'orders': 1812, 'total_revenue': 169968.11, 'avg_revenue': 93.8}, {'country': 'Spain', 'orders': 3719, 'total_revenue': 109178.53, 'avg_revenue': 29.36}, {'country': 'Switzerland', 'orders': 3136, 'total_revenue': 101011.29, 'avg_revenue': 32.21}, {'country': 'Sweden', 'orders': 1338, 'total_revenue': 91903.72, 'avg_revenue': 68.69}, {'country': 'Denmark', 'orders': 798, 'total_revenue': 69862.19, 'avg_revenue': 87.55}]
2026-04-07 19:43:02,779 | INFO | Action started: monthly revenue by source sheet
2026-04-07 19:43:05,638 | INFO | Action finished: monthly revenue by source sheet | duration=2.844s
2026-04-07 19:43:05,638 | INFO | Job IDs: [6, 5]
2026-04-07 19:43:05,638 | INFO | Job 6 stages=[12, 13, 14]
2026-04-07 19:43:05,638 | INFO | Stage 12 | count at NativeMethodAccessorImpl.java:0 | tasks=12
2026-04-07 19:43:05,638 | INFO | Stage 13 | collect at /workspace/scripts/spark_run_opt.py:246 | tasks=12
2026-04-07 19:43:05,638 | INFO | Stage 14 | collect at /workspace/scripts/spark_run_opt.py:246 | tasks=1
2026-04-07 19:43:05,638 | INFO | Job 5 stages=[10, 11]
2026-04-07 19:43:05,639 | INFO | Stage 10 | count at NativeMethodAccessorImpl.java:0 | tasks=12
2026-04-07 19:43:05,639 | INFO | Stage 11 | collect at /workspace/scripts/spark_run_opt.py:246 | tasks=12
2026-04-07 19:43:05,639 | INFO | Executor 172.23.0.7:40811 | used=16.36 MB | remaining=397.56 MB | max=413.92 MB
2026-04-07 19:43:05,639 | INFO | Executor 172.23.0.8:37001 | used=0.81 MB | remaining=413.12 MB | max=413.92 MB
2026-04-07 19:43:05,639 | INFO | Executor a9d047cc017f:44759 | used=0.08 MB | remaining=413.85 MB | max=413.92 MB
2026-04-07 19:43:05,639 | INFO | Driver max RSS: 132.48 MB
2026-04-07 19:43:05,640 | INFO | Monthly revenue sample: [{'source_sheet': 'Year 2009-2010', 'invoice_month': '2009-12', 'orders': 43957, 'monthly_revenue': 825685.76}, {'source_sheet': 'Year 2009-2010', 'invoice_month': '2010-01', 'orders': 30638, 'monthly_revenue': 652708.5}, {'source_sheet': 'Year 2009-2010', 'invoice_month': '2010-02', 'orders': 28282, 'monthly_revenue': 553713.3}, {'source_sheet': 'Year 2009-2010', 'invoice_month': '2010-03', 'orders': 40364, 'monthly_revenue': 833570.13}, {'source_sheet': 'Year 2009-2010', 'invoice_month': '2010-04', 'orders': 33268, 'monthly_revenue': 681528.99}, {'source_sheet': 'Year 2009-2010', 'invoice_month': '2010-05', 'orders': 33795, 'monthly_revenue': 659858.86}, {'source_sheet': 'Year 2009-2010', 'invoice_month': '2010-06', 'orders': 38900, 'monthly_revenue': 752270.14}, {'source_sheet': 'Year 2009-2010', 'invoice_month': '2010-07', 'orders': 32503, 'monthly_revenue': 650712.94}, {'source_sheet': 'Year 2009-2010', 'invoice_month': '2010-08', 'orders': 32473, 'monthly_revenue': 697274.91}, {'source_sheet': 'Year 2009-2010', 'invoice_month': '2010-09', 'orders': 41109, 'monthly_revenue': 924333.01}, {'source_sheet': 'Year 2009-2010', 'invoice_month': '2010-10', 'orders': 57797, 'monthly_revenue': 1165483.91}, {'source_sheet': 'Year 2009-2010', 'invoice_month': '2010-11', 'orders': 76464, 'monthly_revenue': 1470272.48}]
2026-04-07 19:43:05,642 | INFO | Metrics written to /workspace/logs/3DataNode_2Workers_opt_metrics.json
2026-04-07 19:43:05,642 | INFO | Log written to /workspace/logs/3DataNode_2Workers_opt.log
2026-04-07 19:43:05,642 | INFO | Spark optimized app finished successfully
